[0;34m[INFO][0m GPU状态检查：
  GPU 0: 47GB / 47GB 可用
  GPU 1: 2GB / 47GB 可用
  GPU 2: 2GB / 47GB 可用
  GPU 3: 47GB / 47GB 可用
  GPU 4: 44GB / 47GB 可用
  GPU 5: 13GB / 47GB 可用
  GPU 6: 13GB / 47GB 可用
  GPU 7: 47GB / 47GB 可用
  GPU 8: 13GB / 47GB 可用
  GPU 9: 13GB / 47GB 可用

[0;34m[INFO][0m 共有 3 个命令待执行（多卡命令优先）：

  [1] bash /home/hdl/project/fgvr_test/scripts/run_pipeline.sh aircraft --gpu ${available_gpu}
      └─ 所需显存: 35GB × 1卡
  [2] bash /home/hdl/project/fgvr_test/scripts/run_pipeline.sh dtd --gpu ${available_gpu}
      └─ 所需显存: 35GB × 1卡
  [3] bash /home/hdl/project/fgvr_test/scripts/run_pipeline.sh eurosat --gpu ${available_gpu}
      └─ 所需显存: 35GB × 1卡

[0;34m[INFO][0m 开始时间: 2025-11-22 23:20:22
═══════════════════════════════════════════════════════════════════════════


[0;36m[STEP 1/3][0m 准备执行命令
━━━━━━━━━━━━━━━━━━━━━━━━━━━━━━━━━━━━━━━━━━━━━━━━━━━━━━━━━━━━━━━━━━━━━━━
命令模板: bash /home/hdl/project/fgvr_test/scripts/run_pipeline.sh aircraft --gpu ${available_gpu}
GPU需求: 1卡 × 35GB显存
━━━━━━━━━━━━━━━━━━━━━━━━━━━━━━━━━━━━━━━━━━━━━━━━━━━━━━━━━━━━━━━━━━━━━━━
[0;34m[INFO][0m 正在分配 1 张GPU（显存需求: 35GB/卡）...
[0;32m[SUCCESS][0m 已分配GPU: 0
[0;34m[INFO][0m 实际执行命令: bash /home/hdl/project/fgvr_test/scripts/run_pipeline.sh aircraft --gpu 0
[0;34m[INFO][0m 命令已启动 (PID: 2040673)
[0;34m[INFO][0m 等待进程 (PID: 2040673) 完成...
[0;34m[INFO][0m 等待 GPU 0 上的所有计算进程完成...
[0;32m[SUCCESS][0m GPU 0 上的所有计算进程已完成
[0;34m[INFO][0m 确认 GPU 0 上的进程已完成...
[0;32m[SUCCESS][0m 所有分配的GPU (0) 已释放

=== 命令 1 输出 (重试: 0) ===
[0;32m[SUCCESS][0m Pipeline 已启动 (完全后台), PID=2040732
[0;34m[INFO][0m 日志文件: /home/hdl/project/fgvr_test/logs/pipeline/aircraft100/pipeline_aircraft(3).log
实时查看日志: tail -f /home/hdl/project/fgvr_test/logs/pipeline/aircraft100/pipeline_aircraft(3).log
=== 命令 1 输出结束 ===

[0;32m[SUCCESS][0m 命令执行成功 (耗时: 0分2秒)
[0;34m[INFO][0m 等待 5 秒后执行下一个命令...

[0;36m[STEP 2/3][0m 准备执行命令
━━━━━━━━━━━━━━━━━━━━━━━━━━━━━━━━━━━━━━━━━━━━━━━━━━━━━━━━━━━━━━━━━━━━━━━
命令模板: bash /home/hdl/project/fgvr_test/scripts/run_pipeline.sh dtd --gpu ${available_gpu}
GPU需求: 1卡 × 35GB显存
━━━━━━━━━━━━━━━━━━━━━━━━━━━━━━━━━━━━━━━━━━━━━━━━━━━━━━━━━━━━━━━━━━━━━━━
[0;34m[INFO][0m 正在分配 1 张GPU（显存需求: 35GB/卡）...
[0;32m[SUCCESS][0m 已分配GPU: 0
[0;34m[INFO][0m 实际执行命令: bash /home/hdl/project/fgvr_test/scripts/run_pipeline.sh dtd --gpu 0
[0;34m[INFO][0m 命令已启动 (PID: 2041293)
[0;34m[INFO][0m 等待进程 (PID: 2041293) 完成...
[0;34m[INFO][0m 等待 GPU 0 上的所有计算进程完成...
[1;33m[WARNING][0m 等待GPU进程超时，继续执行下一个命令
[0;34m[INFO][0m 确认 GPU 0 上的进程已完成...
[0;32m[SUCCESS][0m 所有分配的GPU (0) 已释放

=== 命令 2 输出 (重试: 0) ===
[0;32m[SUCCESS][0m Pipeline 已启动 (完全后台), PID=2041351
[0;34m[INFO][0m 日志文件: /home/hdl/project/fgvr_test/logs/pipeline/dtd47/pipeline_dtd.log
实时查看日志: tail -f /home/hdl/project/fgvr_test/logs/pipeline/dtd47/pipeline_dtd.log
=== 命令 2 输出结束 ===

[0;32m[SUCCESS][0m 命令执行成功 (耗时: 1分33秒)
[0;34m[INFO][0m 等待 5 秒后执行下一个命令...

[0;36m[STEP 3/3][0m 准备执行命令
━━━━━━━━━━━━━━━━━━━━━━━━━━━━━━━━━━━━━━━━━━━━━━━━━━━━━━━━━━━━━━━━━━━━━━━
命令模板: bash /home/hdl/project/fgvr_test/scripts/run_pipeline.sh eurosat --gpu ${available_gpu}
GPU需求: 1卡 × 35GB显存
━━━━━━━━━━━━━━━━━━━━━━━━━━━━━━━━━━━━━━━━━━━━━━━━━━━━━━━━━━━━━━━━━━━━━━━
[0;34m[INFO][0m 正在分配 1 张GPU（显存需求: 35GB/卡）...
[0;32m[SUCCESS][0m 已分配GPU: 3
[0;34m[INFO][0m 实际执行命令: bash /home/hdl/project/fgvr_test/scripts/run_pipeline.sh eurosat --gpu 3
[0;34m[INFO][0m 命令已启动 (PID: 2052173)
[0;34m[INFO][0m 等待进程 (PID: 2052173) 完成...
[0;34m[INFO][0m 等待 GPU 3 上的所有计算进程完成...
[0;32m[SUCCESS][0m GPU 3 上的所有计算进程已完成
[0;34m[INFO][0m 确认 GPU 3 上的进程已完成...
[0;32m[SUCCESS][0m 所有分配的GPU (3) 已释放

=== 命令 3 输出 (重试: 0) ===
[0;32m[SUCCESS][0m Pipeline 已启动 (完全后台), PID=2052231
[0;34m[INFO][0m 日志文件: /home/hdl/project/fgvr_test/logs/pipeline/eurosat10/pipeline_eurosat.log
实时查看日志: tail -f /home/hdl/project/fgvr_test/logs/pipeline/eurosat10/pipeline_eurosat.log
=== 命令 3 输出结束 ===

[0;32m[SUCCESS][0m 命令执行成功 (耗时: 0分2秒)

═══════════════════════════════════════════════════════════════════════════
[0;34m[INFO][0m 所有命令执行完成
═══════════════════════════════════════════════════════════════════════════

[0;34m[INFO][0m 执行统计：
  • GPU资源池: 0 1 2 3 4 5 6 7 8 9
  • 总命令数: 3
  • 成功: \033[0;32m3\033[0m
  • 失败: \033[0;31m0\033[0m
  • 成功率: 100.0%
  • 总耗时: 1分48秒
  • 平均每命令: 36.0秒
  • 开始时间: 2025-11-22 23:20:22
  • 结束时间: 2025-11-22 23:22:10

[0;34m[INFO][0m 最终GPU状态：
  GPU 0: 13GB 可用
  GPU 1: 2GB 可用
  GPU 2: 2GB 可用
  GPU 3: 47GB 可用
  GPU 4: 44GB 可用
  GPU 5: 13GB 可用
  GPU 6: 13GB 可用
  GPU 7: 47GB 可用
  GPU 8: 13GB 可用
  GPU 9: 4GB 可用

[0;34m[INFO][0m 完整日志已保存至: /home/hdl/project/fgvr_test/logs/quick_start/quick_start_serial(1).log
═══════════════════════════════════════════════════════════════════════════
