[0;34m[INFO][0m 后台运行模式：日志实时输出到 /home/hdl/project/fgvr_test/logs/quick_start/quick_start_serial(5).log
═══════════════════════════════════════════════════════════════════════════
           智能多GPU串行执行脚本 - Smart Multi-GPU Serial Execution
═══════════════════════════════════════════════════════════════════════════

[0;34m[INFO][0m 日志文件: /home/hdl/project/fgvr_test/logs/quick_start/quick_start_serial(5).log
[0;34m[INFO][0m GPU资源池: 0 1 2 3 4 5 6 7 8 9
[0;34m[INFO][0m 预留GPU数: 1
[0;34m[INFO][0m 显存检查间隔: 3秒
[0;34m[INFO][0m 运行模式: 后台运行
[0;34m[INFO][0m 调试模式: ✓ 启用（详细输出）

[0;34m[INFO][0m ═══ GPU调度策略 ═══
[0;34m[INFO][0m 极限资源利用模式: ✗ 禁用
[0;34m[INFO][0m GPU共享模式: 允许共享
[0;34m[INFO][0m 重试策略: 无限重试
[0;34m[INFO][0m GPU选择策略: 优先选择剩余显存多的GPU

[0;34m[INFO][0m GPU状态检查：
  GPU 0: 12GB / 47GB 可用 [空闲]
  GPU 1: 2GB / 47GB 可用 [空闲]
  GPU 2: 2GB / 47GB 可用 [空闲]
  GPU 3: 13GB / 47GB 可用 [空闲]
  GPU 4: 44GB / 47GB 可用 [空闲]
  GPU 5: 13GB / 47GB 可用 [空闲]
  GPU 6: 13GB / 47GB 可用 [空闲]
  GPU 7: 47GB / 47GB 可用 [空闲]
  GPU 8: 13GB / 47GB 可用 [空闲]
  GPU 9: 13GB / 47GB 可用 [空闲]

[0;34m[INFO][0m 共有 3 个命令待执行（多卡命令优先）：

  [1] bash /home/hdl/project/fgvr_test/scripts/fast_slow.sh bird --gpu ${available_gpu} --test_suffix 1 
      └─ 所需显存: 35GB × 1卡 [类型: bash]
  [2] bash /home/hdl/project/fgvr_test/scripts/fast_slow.sh pet --gpu ${available_gpu} --test_suffix 1 
      └─ 所需显存: 35GB × 1卡 [类型: bash]
  [3] bash /home/hdl/project/fgvr_test/scripts/fast_slow.sh eurosat --gpu ${available_gpu} --test_suffix 1 
      └─ 所需显存: 35GB × 1卡 [类型: bash]

[0;34m[INFO][0m 开始时间: 2025-11-22 23:58:52
═══════════════════════════════════════════════════════════════════════════


[0;36m[STEP 1/3][0m 准备执行命令
━━━━━━━━━━━━━━━━━━━━━━━━━━━━━━━━━━━━━━━━━━━━━━━━━━━━━━━━━━━━━━━━━━━━━━━
命令模板: bash /home/hdl/project/fgvr_test/scripts/fast_slow.sh bird --gpu ${available_gpu} --test_suffix 1 
命令类型: bash
GPU需求: 1卡 × 35GB显存
━━━━━━━━━━━━━━━━━━━━━━━━━━━━━━━━━━━━━━━━━━━━━━━━━━━━━━━━━━━━━━━━━━━━━━━
[0;34m[INFO][0m 正在分配 1 张GPU（显存需求: 35GB/卡）...
/home/hdl/project/fgvr_test/scripts/quick_start_serial.sh: line 562: No devices were found: syntax error in expression (error token is "devices were found")
[0;32m[SUCCESS][0m 已分配GPU: [0;34m[INFO][0m ━━━━━━━━━━━━━━━━━━━━━━━━━━━━━━━━━━━━━━━━━━━━━━━━━━━━━━━━━━━━━━━━ [0;34m[INFO][0m 开始GPU分配流程 [0;34m[INFO][0m 需求: 1张GPU，每张需35GB显存 [0;34m[INFO][0m 极限模式: ✗ 禁用 [0;34m[INFO][0m 独占模式: ✗ 禁用 [0;34m[INFO][0m 预留GPU数: 1 [0;34m[INFO][0m 调试模式: ✓ 启用 [0;34m[INFO][0m ━━━━━━━━━━━━━━━━━━━━━━━━━━━━━━━━━━━━━━━━━━━━━━━━━━━━━━━━━━━━━━━━ [0;34m[INFO][0m [2025-11-22 23:58:52] 第 1 次尝试分配GPU [0;34m[INFO][0m GPU统计信息: [0;34m[INFO][0m • 总GPU数: 10 [0;34m[INFO][0m • 本脚本占用: 0 张 [0;34m[INFO][0m • 显存充足: 2 张 [0;34m[INFO][0m • 完全空闲: 1 张 [0;34m[INFO][0m • 预留要求: 1 张 [0;34m[INFO][0m • 最终可分配: 306 张 [0;32m[SUCCESS][0m ✓ 调度成功！分配 1 张GPU: [0;34m[INFO][0m
[0;34m[INFO][0m 标记 GPU [0;34m[INFO][0m 为占用 (分配显存: 0GB)
[0;34m[INFO][0m 标记 GPU ━━━━━━━━━━━━━━━━━━━━━━━━━━━━━━━━━━━━━━━━━━━━━━━━━━━━━━━━━━━━━━━━ 为占用 (分配显存: 0GB)
[0;34m[INFO][0m 标记 GPU [0;34m[INFO][0m 为占用 (分配显存: 0GB)
[0;34m[INFO][0m 标记 GPU 开始GPU分配流程 为占用 (分配显存: 0GB)
[0;34m[INFO][0m 标记 GPU [0;34m[INFO][0m 为占用 (分配显存: 0GB)
[0;34m[INFO][0m 标记 GPU 需求: 为占用 (分配显存: 0GB)
[0;34m[INFO][0m 标记 GPU 1张GPU，每张需35GB显存 为占用 (分配显存: 0GB)
[0;34m[INFO][0m 标记 GPU [0;34m[INFO][0m 为占用 (分配显存: 0GB)
[0;34m[INFO][0m 标记 GPU 极限模式: 为占用 (分配显存: 0GB)
[0;34m[INFO][0m 标记 GPU ✗ 为占用 (分配显存: 0GB)
[0;34m[INFO][0m 标记 GPU 禁用 为占用 (分配显存: 0GB)
[0;34m[INFO][0m 标记 GPU [0;34m[INFO][0m 为占用 (分配显存: 0GB)
[0;34m[INFO][0m 标记 GPU 独占模式: 为占用 (分配显存: 0GB)
[0;34m[INFO][0m 标记 GPU ✗ 为占用 (分配显存: 0GB)
[0;34m[INFO][0m 标记 GPU 禁用 为占用 (分配显存: 0GB)
[0;34m[INFO][0m 标记 GPU [0;34m[INFO][0m 为占用 (分配显存: 0GB)
[0;34m[INFO][0m 标记 GPU 预留GPU数: 为占用 (分配显存: 0GB)
[0;34m[INFO][0m 标记 GPU 1 为占用 (分配显存: 0GB)
[0;34m[INFO][0m 标记 GPU [0;34m[INFO][0m 为占用 (分配显存: 0GB)
[0;34m[INFO][0m 标记 GPU 调试模式: 为占用 (分配显存: 0GB)
[0;34m[INFO][0m 标记 GPU ✓ 为占用 (分配显存: 0GB)
[0;34m[INFO][0m 标记 GPU 启用 为占用 (分配显存: 0GB)
[0;34m[INFO][0m 标记 GPU [0;34m[INFO][0m 为占用 (分配显存: 0GB)
[0;34m[INFO][0m 标记 GPU ━━━━━━━━━━━━━━━━━━━━━━━━━━━━━━━━━━━━━━━━━━━━━━━━━━━━━━━━━━━━━━━━ 为占用 (分配显存: 0GB)
[0;34m[INFO][0m 标记 GPU [0;34m[INFO][0m 为占用 (分配显存: 0GB)
[0;34m[INFO][0m 标记 GPU [2025-11-22 为占用 (分配显存: 0GB)
[0;34m[INFO][0m 标记 GPU 23:58:52] 为占用 (分配显存: 0GB)
[0;34m[INFO][0m 标记 GPU 第 为占用 (分配显存: 0GB)
[0;34m[INFO][0m 标记 GPU 1 为占用 (分配显存: 0GB)
[0;34m[INFO][0m 标记 GPU 次尝试分配GPU 为占用 (分配显存: 0GB)
[0;34m[INFO][0m 标记 GPU [0;34m[INFO][0m 为占用 (分配显存: 0GB)
[0;34m[INFO][0m 标记 GPU GPU统计信息: 为占用 (分配显存: 0GB)
[0;34m[INFO][0m 标记 GPU [0;34m[INFO][0m 为占用 (分配显存: 0GB)
[0;34m[INFO][0m 标记 GPU • 为占用 (分配显存: 0GB)
[0;34m[INFO][0m 标记 GPU 总GPU数: 为占用 (分配显存: 0GB)
[0;34m[INFO][0m 标记 GPU 10 为占用 (分配显存: 0GB)
[0;34m[INFO][0m 标记 GPU [0;34m[INFO][0m 为占用 (分配显存: 0GB)
[0;34m[INFO][0m 标记 GPU • 为占用 (分配显存: 0GB)
[0;34m[INFO][0m 标记 GPU 本脚本占用: 为占用 (分配显存: 0GB)
[0;34m[INFO][0m 标记 GPU 0 为占用 (分配显存: 0GB)
[0;34m[INFO][0m 标记 GPU 张 为占用 (分配显存: 0GB)
[0;34m[INFO][0m 标记 GPU [0;34m[INFO][0m 为占用 (分配显存: 0GB)
[0;34m[INFO][0m 标记 GPU • 为占用 (分配显存: 0GB)
[0;34m[INFO][0m 标记 GPU 显存充足: 为占用 (分配显存: 0GB)
[0;34m[INFO][0m 标记 GPU 2 为占用 (分配显存: 0GB)
[0;34m[INFO][0m 标记 GPU 张 为占用 (分配显存: 0GB)
[0;34m[INFO][0m 标记 GPU [0;34m[INFO][0m 为占用 (分配显存: 0GB)
[0;34m[INFO][0m 标记 GPU • 为占用 (分配显存: 0GB)
[0;34m[INFO][0m 标记 GPU 完全空闲: 为占用 (分配显存: 0GB)
[0;34m[INFO][0m 标记 GPU 1 为占用 (分配显存: 0GB)
[0;34m[INFO][0m 标记 GPU 张 为占用 (分配显存: 0GB)
[0;34m[INFO][0m 标记 GPU [0;34m[INFO][0m 为占用 (分配显存: 0GB)
[0;34m[INFO][0m 标记 GPU • 为占用 (分配显存: 0GB)
[0;34m[INFO][0m 标记 GPU 预留要求: 为占用 (分配显存: 0GB)
[0;34m[INFO][0m 标记 GPU 1 为占用 (分配显存: 0GB)
[0;34m[INFO][0m 标记 GPU 张 为占用 (分配显存: 0GB)
[0;34m[INFO][0m 标记 GPU [0;34m[INFO][0m 为占用 (分配显存: 0GB)
[0;34m[INFO][0m 标记 GPU • 为占用 (分配显存: 0GB)
[0;34m[INFO][0m 标记 GPU 最终可分配: 为占用 (分配显存: 0GB)
[0;34m[INFO][0m 标记 GPU 306 为占用 (分配显存: 0GB)
[0;34m[INFO][0m 标记 GPU 张 为占用 (分配显存: 0GB)
[0;34m[INFO][0m 标记 GPU [0;32m[SUCCESS][0m 为占用 (分配显存: 0GB)
[0;34m[INFO][0m 标记 GPU ✓ 为占用 (分配显存: 0GB)
[0;34m[INFO][0m 标记 GPU 调度成功！分配 为占用 (分配显存: 0GB)
[0;34m[INFO][0m 标记 GPU 1 为占用 (分配显存: 0GB)
[0;34m[INFO][0m 标记 GPU 张GPU: 为占用 (分配显存: 0GB)
[0;34m[INFO][0m 标记 GPU [0;34m[INFO][0m 为占用 (分配显存: 0GB)
[0;34m[INFO][0m 实际执行命令: bash /home/hdl/project/fgvr_test/scripts/fast_slow.sh bird --gpu [0;34m[INFO][0m --test_suffix 1 
[0;35m[DEBUG][0m 执行命令: bash /home/hdl/project/fgvr_test/scripts/fast_slow.sh bird --gpu [0;34m[INFO][0m --test_suffix 1 
[0;35m[DEBUG][0m 临时日志: /home/hdl/project/fgvr_test/logs/quick_start/temp_cmd_1_0.log
[0;34m[INFO][0m 命令已启动 (PID: 2211050)
[0;35m[DEBUG][0m 进程状态: 未知
[0;34m[INFO][0m 等待进程 (PID: 2211050) 完成...
[0;34m[INFO][0m 等待 GPU [0;34m[INFO][0m 上的所有计算进程完成...
[1;33m[WARNING][0m 等待GPU进程超时，继续执行下一个命令
[0;34m[INFO][0m 确认 GPU [0;34m[INFO][0m 上的进程已完成...
[0;34m[INFO][0m 确认 GPU ━━━━━━━━━━━━━━━━━━━━━━━━━━━━━━━━━━━━━━━━━━━━━━━━━━━━━━━━━━━━━━━━ 上的进程已完成...
[0;34m[INFO][0m 确认 GPU [0;34m[INFO][0m 上的进程已完成...
[0;34m[INFO][0m 确认 GPU 开始GPU分配流程 上的进程已完成...
[0;34m[INFO][0m 确认 GPU [0;34m[INFO][0m 上的进程已完成...
[0;34m[INFO][0m 确认 GPU 需求: 上的进程已完成...
[0;34m[INFO][0m 确认 GPU 1张GPU，每张需35GB显存 上的进程已完成...
[0;34m[INFO][0m 确认 GPU [0;34m[INFO][0m 上的进程已完成...
[0;34m[INFO][0m 确认 GPU 极限模式: 上的进程已完成...
[0;34m[INFO][0m 确认 GPU ✗ 上的进程已完成...
[0;34m[INFO][0m 确认 GPU 禁用 上的进程已完成...
[0;34m[INFO][0m 确认 GPU [0;34m[INFO][0m 上的进程已完成...
[0;34m[INFO][0m 确认 GPU 独占模式: 上的进程已完成...
[0;34m[INFO][0m 确认 GPU ✗ 上的进程已完成...
[0;34m[INFO][0m 确认 GPU 禁用 上的进程已完成...
[0;34m[INFO][0m 确认 GPU [0;34m[INFO][0m 上的进程已完成...
[0;34m[INFO][0m 确认 GPU 预留GPU数: 上的进程已完成...
[0;34m[INFO][0m 确认 GPU 1 上的进程已完成...
[0;34m[INFO][0m 确认 GPU [0;34m[INFO][0m 上的进程已完成...
[0;34m[INFO][0m 确认 GPU 调试模式: 上的进程已完成...
[0;34m[INFO][0m 确认 GPU ✓ 上的进程已完成...
[0;34m[INFO][0m 确认 GPU 启用 上的进程已完成...
[0;34m[INFO][0m 确认 GPU [0;34m[INFO][0m 上的进程已完成...
[0;34m[INFO][0m 确认 GPU ━━━━━━━━━━━━━━━━━━━━━━━━━━━━━━━━━━━━━━━━━━━━━━━━━━━━━━━━━━━━━━━━ 上的进程已完成...
[0;34m[INFO][0m 确认 GPU [0;34m[INFO][0m 上的进程已完成...
[0;34m[INFO][0m 确认 GPU [2025-11-22 上的进程已完成...
[0;34m[INFO][0m 确认 GPU 23:58:52] 上的进程已完成...
[0;34m[INFO][0m 确认 GPU 第 上的进程已完成...
