2025-11-23 00:20:52,902 - Main - INFO - ======================================================================
2025-11-23 00:20:52,902 - Main - INFO - 智能多GPU并行任务调度器 - Smart Multi-GPU Parallel Task Scheduler
2025-11-23 00:20:52,902 - Main - INFO - ======================================================================
2025-11-23 00:20:52,902 - Main - INFO - 
2025-11-23 00:20:52,902 - Main - INFO - 日志文件: /home/hdl/project/fgvr_test/logs/quick_start/quick_start_parallel(2).log
2025-11-23 00:20:52,902 - Main - INFO - GPU资源池: all
2025-11-23 00:20:52,902 - Main - INFO - 预留GPU数: 1
2025-11-23 00:20:52,902 - Main - INFO - 显存检查间隔: 3秒
2025-11-23 00:20:52,902 - Main - INFO - 调试模式: ✓ 启用（详细输出）
2025-11-23 00:20:52,902 - Main - INFO - 
2025-11-23 00:20:52,902 - Main - INFO - ═══ GPU调度策略 ═══
2025-11-23 00:20:52,902 - Main - INFO - 极限资源利用模式: ✗ 禁用
2025-11-23 00:20:52,903 - Main - INFO - GPU共享模式: 允许共享
2025-11-23 00:20:52,903 - Main - INFO - 重试策略: 无限重试
2025-11-23 00:20:52,903 - Main - INFO - GPU选择策略: 优先选择剩余显存多的GPU
2025-11-23 00:20:52,903 - Main - INFO - 执行模式: 并行执行（非串行）
2025-11-23 00:20:52,903 - Main - INFO - 
2025-11-23 00:20:53,017 - GPUManager - INFO - TARGET_GPUS='all' 检测到 10 张GPU: [0, 1, 2, 3, 4, 5, 6, 7, 8, 9]
2025-11-23 00:20:53,018 - TaskScheduler - INFO - ======================================================================
2025-11-23 00:20:53,018 - TaskScheduler - INFO - 共有 3 个任务待执行（并行模式）
2025-11-23 00:20:53,018 - TaskScheduler - INFO - ======================================================================
2025-11-23 00:20:53,018 - TaskScheduler - INFO -   [1] bash /home/hdl/project/fgvr_test/scripts/run_fast_slow.sh eurosat --gpu ${available_gpu} --test_suffix 1
2025-11-23 00:20:53,018 - TaskScheduler - INFO -       └─ 所需显存: 35GB × 1卡 [类型: bash]
2025-11-23 00:20:53,018 - TaskScheduler - INFO -   [2] bash /home/hdl/project/fgvr_test/scripts/run_fast_slow.sh pet --gpu ${available_gpu} --test_suffix 1
2025-11-23 00:20:53,018 - TaskScheduler - INFO -       └─ 所需显存: 35GB × 1卡 [类型: bash]
2025-11-23 00:20:53,018 - TaskScheduler - INFO -   [3] bash /home/hdl/project/fgvr_test/scripts/run_fast_slow.sh bird --gpu ${available_gpu} --test_suffix 1
2025-11-23 00:20:53,018 - TaskScheduler - INFO -       └─ 所需显存: 35GB × 1卡 [类型: bash]
2025-11-23 00:20:53,018 - TaskScheduler - INFO - 
2025-11-23 00:20:53,019 - TaskScheduler - INFO - 开始时间: 2025-11-23 00:20:53
2025-11-23 00:20:53,019 - TaskScheduler - INFO - ======================================================================
2025-11-23 00:20:53,019 - TaskScheduler - INFO - 
2025-11-23 00:20:53,019 - GPUManager - INFO - ━━━━━━━━━━━━━━━━━━━━━━━━━━━━━━━━━━━━━━━━━━━━━━━━━━━━━━━━━━━━━━━━━━━━━━
2025-11-23 00:20:53,019 - GPUManager - INFO - 开始GPU分配流程
2025-11-23 00:20:53,019 - GPUManager - INFO -   任务ID: 1
2025-11-23 00:20:53,019 - GPUManager - INFO -   需求: 1张GPU，每张需35GB显存
2025-11-23 00:20:53,019 - GPUManager - INFO -   极限模式: ✗ 禁用
2025-11-23 00:20:53,020 - GPUManager - INFO -   独占模式: ✗ 禁用
2025-11-23 00:20:53,020 - GPUManager - INFO -   预留GPU数: 1
2025-11-23 00:20:53,020 - GPUManager - INFO - ━━━━━━━━━━━━━━━━━━━━━━━━━━━━━━━━━━━━━━━━━━━━━━━━━━━━━━━━━━━━━━━━━━━━━━
