[0;34m[INFO][0m === å…¨æµç¨‹è¿è¡Œå¼€å§‹ ===
[0;34m[INFO][0m åˆ‡æ¢åˆ°é¡¹ç›®æ ¹ç›®å½•: /home/hdl/project/fgvr_test
[0;34m[INFO][0m åˆ›å»ºå¿…è¦ç›®å½•...
[0;34m[INFO][0m === è¿è¡Œé…ç½® ===
GPU: 7
æ•°æ®é›†: flower102
é…ç½®æ–‡ä»¶: flower102_all.yml
æµç¨‹æ¨¡å¼: knowledge_base
K-shot: 1
è¯„ä¼°æ¨¡å¼: fast_slow
çŸ¥è¯†åº“ç›®å½•: ./experiments/flower102/knowledge_base
æµ‹è¯•æ•°æ®: ./datasets/flowers_102/images_discovery_all_1
ç»“æœè¾“å‡º: ./results/flower_fast_slow_pipeline_results.json
è™šæ‹Ÿç¯å¢ƒ: finer_dynamic
[0;34m[INFO][0m ================
[0;34m[INFO][0m === é˜¶æ®µ1: æ„å»ºçŸ¥è¯†åº“ ===
[0;34m[INFO][0m çŸ¥è¯†åº“ä¸å­˜åœ¨ï¼Œå¼€å§‹æ„å»º...
[0;34m[INFO][0m å¯åŠ¨çŸ¥è¯†åº“æ„å»ºé˜¶æ®µ...
[0;34m[INFO][0m å¯åŠ¨çŸ¥è¯†åº“æ„å»ºé˜¶æ®µ...
[0;34m[INFO][0m ç»Ÿä¸€æ—¥å¿—: /home/hdl/project/fgvr_test/logs/full_pipeline/flower102/full_pipeline_flower(1).log
[0;34m[INFO][0m ç»Ÿä¸€æ—¥å¿—: /home/hdl/project/fgvr_test/logs/full_pipeline/flower102/full_pipeline_flower(1).log
[INFO] çŸ¥è¯†åº“æ„å»ºè¿›ç¨‹ID: 2500292
[INFO] ç­‰å¾…çŸ¥è¯†åº“æ„å»ºé˜¶æ®µå®Œæˆ (PID: 2500292, è¶…æ—¶: 3600ç§’)...
/home/hdl/miniconda3/envs/finer_dynamic/lib/python3.9/site-packages/torchvision/io/image.py:13: UserWarning: Failed to load image Python extension: '/home/hdl/miniconda3/envs/finer_dynamic/lib/python3.9/site-packages/torchvision/image.so: undefined symbol: _ZN3c1017RegisterOperatorsD1Ev'If you don't plan on using image functionality from `torchvision.io`, you can ignore this warning. Otherwise, there might be something wrong with your environment. Did you have `libjpeg` or `libpng` installed before building `torchvision` from source?
  warn(
[INFO] çŸ¥è¯†åº“æ„å»ºé˜¶æ®µè¿è¡Œä¸­... (å·²è¿è¡Œ30ç§’)
[INFO] çŸ¥è¯†åº“æ„å»ºé˜¶æ®µè¿è¡Œä¸­... (å·²è¿è¡Œ60ç§’)
[INFO] çŸ¥è¯†åº“æ„å»ºé˜¶æ®µè¿è¡Œä¸­... (å·²è¿è¡Œ90ç§’)
[INFO] çŸ¥è¯†åº“æ„å»ºé˜¶æ®µè¿è¡Œä¸­... (å·²è¿è¡Œ120ç§’)
[INFO] çŸ¥è¯†åº“æ„å»ºé˜¶æ®µè¿è¡Œä¸­... (å·²è¿è¡Œ150ç§’)
[INFO] çŸ¥è¯†åº“æ„å»ºé˜¶æ®µè¿è¡Œä¸­... (å·²è¿è¡Œ180ç§’)
[INFO] çŸ¥è¯†åº“æ„å»ºé˜¶æ®µè¿è¡Œä¸­... (å·²è¿è¡Œ210ç§’)
[INFO] çŸ¥è¯†åº“æ„å»ºé˜¶æ®µè¿è¡Œä¸­... (å·²è¿è¡Œ240ç§’)
[INFO] çŸ¥è¯†åº“æ„å»ºé˜¶æ®µè¿è¡Œä¸­... (å·²è¿è¡Œ270ç§’)
[INFO] çŸ¥è¯†åº“æ„å»ºé˜¶æ®µè¿è¡Œä¸­... (å·²è¿è¡Œ300ç§’)
[INFO] çŸ¥è¯†åº“æ„å»ºé˜¶æ®µè¿è¡Œä¸­... (å·²è¿è¡Œ330ç§’)
[INFO] çŸ¥è¯†åº“æ„å»ºé˜¶æ®µè¿è¡Œä¸­... (å·²è¿è¡Œ360ç§’)
[INFO] çŸ¥è¯†åº“æ„å»ºé˜¶æ®µè¿è¡Œä¸­... (å·²è¿è¡Œ390ç§’)
[INFO] çŸ¥è¯†åº“æ„å»ºé˜¶æ®µè¿è¡Œä¸­... (å·²è¿è¡Œ420ç§’)
[INFO] çŸ¥è¯†åº“æ„å»ºé˜¶æ®µè¿è¡Œä¸­... (å·²è¿è¡Œ450ç§’)
[INFO] çŸ¥è¯†åº“æ„å»ºé˜¶æ®µè¿è¡Œä¸­... (å·²è¿è¡Œ480ç§’)
/tmp/run_knowledge_base_flower_2500115.sh: line 2: 2500424 Killed                  python discovering.py --mode=build_knowledge_base --config_file_env=./configs/env_machine.yml --config_file_expt=./configs/expts/flower102_all.yml --num_per_category=1 --knowledge_base_dir=./experiments/flower102/knowledge_base
[INFO] çŸ¥è¯†åº“æ„å»ºé˜¶æ®µè¿è¡Œä¸­... (å·²è¿è¡Œ510ç§’)
[SUCCESS] çŸ¥è¯†åº“æ„å»ºé˜¶æ®µå·²å®Œæˆ
[SUCCESS] çŸ¥è¯†åº“æ„å»ºé˜¶æ®µå®Œæˆ
[ERROR] çŸ¥è¯†åº“æ–‡ä»¶æœªç”Ÿæˆï¼Œæ£€æŸ¥æ—¥å¿—: /home/hdl/project/fgvr_test/logs/full_pipeline/flower102/full_pipeline_flower(1).log
