[0;34m[INFO][0m === 全流程运行开始 ===
[0;34m[INFO][0m 切换到项目根目录: /home/hdl/project/fgvr_test
[0;34m[INFO][0m 创建必要目录...
[0;34m[INFO][0m === 运行配置 ===
GPU: 7
数据集: pet37
配置文件: pet37_all.yml
流程模式: knowledge_base
K-shot: 1
评估模式: fast_slow
知识库目录: ./experiments/pet37/knowledge_base
测试数据: ./datasets/pet_37/images_discovery_all_1
结果输出: ./results/pet_fast_slow_pipeline_results.json
虚拟环境: finer_dynamic
[0;34m[INFO][0m ================
[0;34m[INFO][0m === 阶段1: 构建知识库 ===
[0;34m[INFO][0m 知识库不存在，开始构建...
[0;34m[INFO][0m 启动知识库构建阶段...
[0;34m[INFO][0m 知识库日志: /home/hdl/project/fgvr_test/logs/full_pipeline/pet37/knowledge_base_pet_20251028_184158.log
[0;34m[INFO][0m 知识库构建进程ID: 1038881
[0;34m[INFO][0m 等待知识库构建阶段完成 (PID: 1038881, 超时: 3600秒)...
[0;34m[INFO][0m 知识库构建阶段运行中... (已运行30秒)
[0;34m[INFO][0m 知识库构建阶段运行中... (已运行60秒)
[0;34m[INFO][0m 知识库构建阶段运行中... (已运行90秒)
[0;34m[INFO][0m 知识库构建阶段运行中... (已运行120秒)
[0;34m[INFO][0m 知识库构建阶段运行中... (已运行150秒)
[0;34m[INFO][0m 知识库构建阶段运行中... (已运行180秒)
[0;34m[INFO][0m 知识库构建阶段运行中... (已运行210秒)
[0;34m[INFO][0m 知识库构建阶段运行中... (已运行240秒)
[0;34m[INFO][0m 知识库构建阶段运行中... (已运行270秒)
[0;34m[INFO][0m 知识库构建阶段运行中... (已运行300秒)
[0;34m[INFO][0m 知识库构建阶段运行中... (已运行330秒)
[0;34m[INFO][0m 知识库构建阶段运行中... (已运行360秒)
[0;34m[INFO][0m 知识库构建阶段运行中... (已运行390秒)
[0;34m[INFO][0m 知识库构建阶段运行中... (已运行420秒)
[0;34m[INFO][0m 知识库构建阶段运行中... (已运行450秒)
[0;34m[INFO][0m 知识库构建阶段运行中... (已运行480秒)
[0;34m[INFO][0m 知识库构建阶段运行中... (已运行510秒)
[0;34m[INFO][0m 知识库构建阶段运行中... (已运行540秒)
[0;34m[INFO][0m 知识库构建阶段运行中... (已运行570秒)
[0;34m[INFO][0m 知识库构建阶段运行中... (已运行600秒)
[0;34m[INFO][0m 知识库构建阶段运行中... (已运行630秒)
[0;34m[INFO][0m 知识库构建阶段运行中... (已运行660秒)
[0;34m[INFO][0m 知识库构建阶段运行中... (已运行690秒)
[0;34m[INFO][0m 知识库构建阶段运行中... (已运行720秒)
[0;34m[INFO][0m 知识库构建阶段运行中... (已运行750秒)
[0;34m[INFO][0m 知识库构建阶段运行中... (已运行780秒)
[0;34m[INFO][0m 知识库构建阶段运行中... (已运行810秒)
[0;34m[INFO][0m 知识库构建阶段运行中... (已运行840秒)
[0;34m[INFO][0m 知识库构建阶段运行中... (已运行870秒)
[0;34m[INFO][0m 知识库构建阶段运行中... (已运行900秒)
[0;34m[INFO][0m 知识库构建阶段运行中... (已运行930秒)
[0;34m[INFO][0m 知识库构建阶段运行中... (已运行960秒)
[0;34m[INFO][0m 知识库构建阶段运行中... (已运行990秒)
[0;34m[INFO][0m 知识库构建阶段运行中... (已运行1020秒)
[0;34m[INFO][0m 知识库构建阶段运行中... (已运行1050秒)
[0;34m[INFO][0m 知识库构建阶段运行中... (已运行1080秒)
[0;34m[INFO][0m 知识库构建阶段运行中... (已运行1110秒)
[0;34m[INFO][0m 知识库构建阶段运行中... (已运行1140秒)
[0;34m[INFO][0m 知识库构建阶段运行中... (已运行1170秒)
[0;34m[INFO][0m 知识库构建阶段运行中... (已运行1200秒)
[0;34m[INFO][0m 知识库构建阶段运行中... (已运行1230秒)
[0;34m[INFO][0m 知识库构建阶段运行中... (已运行1260秒)
[0;34m[INFO][0m 知识库构建阶段运行中... (已运行1290秒)
[0;34m[INFO][0m 知识库构建阶段运行中... (已运行1320秒)
[0;34m[INFO][0m 知识库构建阶段运行中... (已运行1350秒)
[0;34m[INFO][0m 知识库构建阶段运行中... (已运行1380秒)
[0;34m[INFO][0m 知识库构建阶段运行中... (已运行1410秒)
[0;34m[INFO][0m 知识库构建阶段运行中... (已运行1440秒)
[0;34m[INFO][0m 知识库构建阶段运行中... (已运行1470秒)
[0;34m[INFO][0m 知识库构建阶段运行中... (已运行1500秒)
[0;34m[INFO][0m 知识库构建阶段运行中... (已运行1530秒)
[0;34m[INFO][0m 知识库构建阶段运行中... (已运行1560秒)
[0;34m[INFO][0m 知识库构建阶段运行中... (已运行1590秒)
[0;34m[INFO][0m 知识库构建阶段运行中... (已运行1620秒)
[0;34m[INFO][0m 知识库构建阶段运行中... (已运行1650秒)
[0;34m[INFO][0m 知识库构建阶段运行中... (已运行1680秒)
[0;34m[INFO][0m 知识库构建阶段运行中... (已运行1710秒)
[0;34m[INFO][0m 知识库构建阶段运行中... (已运行1740秒)
[0;34m[INFO][0m 知识库构建阶段运行中... (已运行1770秒)
[0;34m[INFO][0m 知识库构建阶段运行中... (已运行1800秒)
[0;34m[INFO][0m 知识库构建阶段运行中... (已运行1830秒)
[0;34m[INFO][0m 知识库构建阶段运行中... (已运行1860秒)
[0;34m[INFO][0m 知识库构建阶段运行中... (已运行1890秒)
[0;34m[INFO][0m 知识库构建阶段运行中... (已运行1920秒)
[0;34m[INFO][0m 知识库构建阶段运行中... (已运行1950秒)
[0;34m[INFO][0m 知识库构建阶段运行中... (已运行1980秒)
[0;34m[INFO][0m 知识库构建阶段运行中... (已运行2010秒)
[0;34m[INFO][0m 知识库构建阶段运行中... (已运行2040秒)
[0;34m[INFO][0m 知识库构建阶段运行中... (已运行2070秒)
[0;34m[INFO][0m 知识库构建阶段运行中... (已运行2100秒)
[0;34m[INFO][0m 知识库构建阶段运行中... (已运行2130秒)
[0;34m[INFO][0m 知识库构建阶段运行中... (已运行2160秒)
[0;34m[INFO][0m 知识库构建阶段运行中... (已运行2190秒)
[0;34m[INFO][0m 知识库构建阶段运行中... (已运行2220秒)
[0;34m[INFO][0m 知识库构建阶段运行中... (已运行2250秒)
[0;34m[INFO][0m 知识库构建阶段运行中... (已运行2280秒)
[0;34m[INFO][0m 知识库构建阶段运行中... (已运行2310秒)
[0;34m[INFO][0m 知识库构建阶段运行中... (已运行2340秒)
[0;34m[INFO][0m 知识库构建阶段运行中... (已运行2370秒)
[0;34m[INFO][0m 知识库构建阶段运行中... (已运行2400秒)
[0;34m[INFO][0m 知识库构建阶段运行中... (已运行2430秒)
[0;34m[INFO][0m 知识库构建阶段运行中... (已运行2460秒)
[0;34m[INFO][0m 知识库构建阶段运行中... (已运行2490秒)
[0;34m[INFO][0m 知识库构建阶段运行中... (已运行2520秒)
[0;34m[INFO][0m 知识库构建阶段运行中... (已运行2550秒)
[0;34m[INFO][0m 知识库构建阶段运行中... (已运行2580秒)
[0;34m[INFO][0m 知识库构建阶段运行中... (已运行2610秒)
[0;34m[INFO][0m 知识库构建阶段运行中... (已运行2640秒)
[0;34m[INFO][0m 知识库构建阶段运行中... (已运行2670秒)
[0;34m[INFO][0m 知识库构建阶段运行中... (已运行2700秒)
[0;34m[INFO][0m 知识库构建阶段运行中... (已运行2730秒)
[0;34m[INFO][0m 知识库构建阶段运行中... (已运行2760秒)
[0;34m[INFO][0m 知识库构建阶段运行中... (已运行2790秒)
[0;34m[INFO][0m 知识库构建阶段运行中... (已运行2820秒)
[0;34m[INFO][0m 知识库构建阶段运行中... (已运行2850秒)
[0;34m[INFO][0m 知识库构建阶段运行中... (已运行2880秒)
[0;34m[INFO][0m 知识库构建阶段运行中... (已运行2910秒)
[0;34m[INFO][0m 知识库构建阶段运行中... (已运行2940秒)
[0;34m[INFO][0m 知识库构建阶段运行中... (已运行2970秒)
[0;34m[INFO][0m 知识库构建阶段运行中... (已运行3000秒)
[0;34m[INFO][0m 知识库构建阶段运行中... (已运行3030秒)
[0;34m[INFO][0m 知识库构建阶段运行中... (已运行3060秒)
[0;34m[INFO][0m 知识库构建阶段运行中... (已运行3090秒)
[0;34m[INFO][0m 知识库构建阶段运行中... (已运行3120秒)
[0;34m[INFO][0m 知识库构建阶段运行中... (已运行3150秒)
[0;34m[INFO][0m 知识库构建阶段运行中... (已运行3180秒)
[0;34m[INFO][0m 知识库构建阶段运行中... (已运行3210秒)
[0;34m[INFO][0m 知识库构建阶段运行中... (已运行3240秒)
[0;34m[INFO][0m 知识库构建阶段运行中... (已运行3270秒)
[0;34m[INFO][0m 知识库构建阶段运行中... (已运行3300秒)
[0;34m[INFO][0m 知识库构建阶段运行中... (已运行3330秒)
[0;34m[INFO][0m 知识库构建阶段运行中... (已运行3360秒)
[0;34m[INFO][0m 知识库构建阶段运行中... (已运行3390秒)
[0;34m[INFO][0m 知识库构建阶段运行中... (已运行3420秒)
[0;34m[INFO][0m 知识库构建阶段运行中... (已运行3450秒)
[0;34m[INFO][0m 知识库构建阶段运行中... (已运行3480秒)
[0;34m[INFO][0m 知识库构建阶段运行中... (已运行3510秒)
[0;34m[INFO][0m 知识库构建阶段运行中... (已运行3540秒)
[0;34m[INFO][0m 知识库构建阶段运行中... (已运行3570秒)
[0;34m[INFO][0m 知识库构建阶段运行中... (已运行3600秒)
[0;31m[ERROR][0m 知识库构建阶段超时，强制终止进程
[0;31m[ERROR][0m 知识库构建阶段失败，检查日志: /home/hdl/project/fgvr_test/logs/full_pipeline/pet37/knowledge_base_pet_20251028_184158.log
